<?xml version="1.0" encoding="UTF-8"?>
<!-- Generated by org.testng.reporters.JUnitXMLReporter -->
<testsuite hostname="DESKTOP-AS5L5KT" ignored="0" name="Free CRM applicaton test cases" tests="5" failures="1" timestamp="2020-07-04T18:11:58 IST" time="301.517" errors="0">
  <testcase name="Loginpagetitle" time="0.121" classname="com.crm.qa.test.LoginPageTest"/>
  <testcase name="verifycontctlinks" time="7.806" classname="com.crm.qa.test.HomePageTest">
    <failure type="org.openqa.selenium.support.ui.UnexpectedTagNameException" message="Element should have been &amp;quot;select&amp;quot; but was &amp;quot;div&amp;quot;
Build info: version: &amp;apos;3.141.59&amp;apos;, revision: &amp;apos;e82be7d358&amp;apos;, time: &amp;apos;2018-11-14T08:17:03&amp;apos;
System info: host: &amp;apos;DESKTOP-AS5L5KT&amp;apos;, ip: &amp;apos;192.168.8.103&amp;apos;, os.name: &amp;apos;Windows 10&amp;apos;, os.arch: &amp;apos;amd64&amp;apos;, os.version: &amp;apos;10.0&amp;apos;, java.version: &amp;apos;1.8.0_211&amp;apos;
Driver info: driver.version: unknown">
      <![CDATA[org.openqa.selenium.support.ui.UnexpectedTagNameException: Element should have been "select" but was "div"
Build info: version: '3.141.59', revision: 'e82be7d358', time: '2018-11-14T08:17:03'
System info: host: 'DESKTOP-AS5L5KT', ip: '192.168.8.103', os.name: 'Windows 10', os.arch: 'amd64', os.version: '10.0', java.version: '1.8.0_211'
Driver info: driver.version: unknown
at org.openqa.selenium.support.ui.Select.<init>(Select.java:49)
at com.crm.qa.pages.ContactsPage.<init>(ContactsPage.java:27)
at com.crm.qa.pages.HomePage.contatctlinkclickable(HomePage.java:60)
at com.crm.qa.test.HomePageTest.verifycontctlinks(HomePageTest.java:49)
at java.util.ArrayList.forEach(Unknown Source)
... Removed 27 stack frames]]>
    </failure>
  </testcase> <!-- verifycontctlinks -->
  <testcase name="verifyhomepagetitle" time="0.015" classname="com.crm.qa.test.HomePageTest"/>
  <testcase name="verifypinned" time="1.859" classname="com.crm.qa.test.HomePageTest"/>
  <testcase name="verifyusername" time="3.658" classname="com.crm.qa.test.HomePageTest"/>
</testsuite> <!-- Free CRM applicaton test cases -->
